Using pre-set license
Built from '2020.3/release' branch; Version is '2020.3.34f1 (9a4c9c70452b) revision 10112156'; Using compiler version '192528614'; Build Type 'Release'
OS: 'Windows 10  (10.0.19044) 64bit Professional' Language: 'en' Physical Memory: 16326 MB
BatchMode: 1, IsHumanControllingUs: 0, StartBugReporterOnCrash: 0, Is64bit: 1, IsPro: 0

COMMAND LINE ARGUMENTS:
C:\Program Files\Unity\Hub\Editor\2020.3.34f1\Editor\Unity.exe
-adb2
-batchMode
-noUpm
-name
AssetImportWorker0
-projectPath
A:/Birdle Versions/Birdle-Mobile
-logFile
Logs/AssetImportWorker0.log
-srvPort
51253
Successfully changed project path to: A:/Birdle Versions/Birdle-Mobile
A:/Birdle Versions/Birdle-Mobile
Using Asset Import Pipeline V2.
Refreshing native plugins compatible for Editor in 67.52 ms, found 3 plugins.
Preloading 0 native plugins for Editor in 0.00 ms.
Initialize engine version: 2020.3.34f1 (9a4c9c70452b)
[Subsystems] Discovering subsystems at path C:/Program Files/Unity/Hub/Editor/2020.3.34f1/Editor/Data/Resources/UnitySubsystems
[Subsystems] Discovering subsystems at path A:/Birdle Versions/Birdle-Mobile/Assets
GfxDevice: creating device client; threaded=0
Direct3D:
    Version:  Direct3D 11.0 [level 11.1]
    Renderer: Radeon RX 570 Series (ID=0x67df)
    Vendor:   
    VRAM:     4075 MB
    Driver:   30.0.13023.4001
Initialize mono
Mono path[0] = 'C:/Program Files/Unity/Hub/Editor/2020.3.34f1/Editor/Data/Managed'
Mono path[1] = 'C:/Program Files/Unity/Hub/Editor/2020.3.34f1/Editor/Data/MonoBleedingEdge/lib/mono/unityjit'
Mono config path = 'C:/Program Files/Unity/Hub/Editor/2020.3.34f1/Editor/Data/MonoBleedingEdge/etc'
Using monoOptions --debugger-agent=transport=dt_socket,embedding=1,server=y,suspend=n,address=127.0.0.1:56528
Begin MonoManager ReloadAssembly
Registering precompiled unity dll's ...
Register platform support module: C:/Program Files/Unity/Hub/Editor/2020.3.34f1/Editor/Data/PlaybackEngines/WindowsStandaloneSupport/UnityEditor.WindowsStandalone.Extensions.dll
Registered in 0.001732 seconds.
Native extension for WindowsStandalone target not found
Refreshing native plugins compatible for Editor in 60.72 ms, found 3 plugins.
Preloading 0 native plugins for Editor in 0.00 ms.
Mono: successfully reloaded assembly
- Completed reload, in  0.719 seconds
Domain Reload Profiling:
	ReloadAssembly (720ms)
		BeginReloadAssembly (76ms)
			ExecutionOrderSort (0ms)
			DisableScriptedObjects (0ms)
			BackupInstance (0ms)
			ReleaseScriptingObjects (0ms)
			CreateAndSetChildDomain (1ms)
		EndReloadAssembly (569ms)
			LoadAssemblies (72ms)
			RebuildTransferFunctionScriptingTraits (0ms)
			SetupTypeCache (220ms)
			ReleaseScriptCaches (0ms)
			RebuildScriptCaches (32ms)
			SetupLoadedEditorAssemblies (193ms)
				LogAssemblyErrors (0ms)
				InitializePlatformSupportModulesInManaged (5ms)
				SetLoadedEditorAssemblies (0ms)
				RefreshPlugins (61ms)
				BeforeProcessingInitializeOnLoad (9ms)
				ProcessInitializeOnLoadAttributes (87ms)
				ProcessInitializeOnLoadMethodAttributes (31ms)
				AfterProcessingInitializeOnLoad (0ms)
				EditorAssembliesLoaded (0ms)
			ExecutionOrderSort2 (0ms)
			AwakeInstancesAfterBackupRestoration (0ms)
Platform modules already initialized, skipping
Registering precompiled user dll's ...
Registered in 0.002460 seconds.
Begin MonoManager ReloadAssembly
Native extension for WindowsStandalone target not found
Refreshing native plugins compatible for Editor in 57.93 ms, found 3 plugins.
Preloading 0 native plugins for Editor in 0.00 ms.
Mono: successfully reloaded assembly
- Completed reload, in  1.273 seconds
Domain Reload Profiling:
	ReloadAssembly (1274ms)
		BeginReloadAssembly (161ms)
			ExecutionOrderSort (0ms)
			DisableScriptedObjects (5ms)
			BackupInstance (0ms)
			ReleaseScriptingObjects (0ms)
			CreateAndSetChildDomain (21ms)
		EndReloadAssembly (1045ms)
			LoadAssemblies (102ms)
			RebuildTransferFunctionScriptingTraits (0ms)
			SetupTypeCache (332ms)
			ReleaseScriptCaches (1ms)
			RebuildScriptCaches (56ms)
			SetupLoadedEditorAssemblies (436ms)
				LogAssemblyErrors (0ms)
				InitializePlatformSupportModulesInManaged (4ms)
				SetLoadedEditorAssemblies (0ms)
				RefreshPlugins (58ms)
				BeforeProcessingInitializeOnLoad (69ms)
				ProcessInitializeOnLoadAttributes (276ms)
				ProcessInitializeOnLoadMethodAttributes (23ms)
				AfterProcessingInitializeOnLoad (6ms)
				EditorAssembliesLoaded (0ms)
			ExecutionOrderSort2 (0ms)
			AwakeInstancesAfterBackupRestoration (2ms)
Platform modules already initialized, skipping
========================================================================
Worker process is ready to serve import requests
Launched and connected shader compiler UnityShaderCompiler.exe after 0.11 seconds
Refreshing native plugins compatible for Editor in 0.80 ms, found 3 plugins.
Preloading 0 native plugins for Editor in 0.00 ms.
Unloading 2473 Unused Serialized files (Serialized files now loaded: 0)
System memory in use before: 107.3 MB.
System memory in use after: 107.5 MB.

Unloading 48 unused Assets to reduce memory usage. Loaded Objects now: 2893.
Total: 3.229100 ms (FindLiveObjects: 0.250700 ms CreateObjectMapping: 0.115000 ms MarkObjects: 2.725000 ms  DeleteObjects: 0.137700 ms)

AssetImportParameters requested are different than current active one (requested -> active):
  custom:framework-win-MediaFoundation: 216162199b28c13a410421893ffa2e32 -> 
  custom:video-decoder-ogg-theora: a1e56fd34408186e4bbccfd4996cb3dc -> 
  custom:container-muxer-webm: aa71ff27fc2769a1b78a27578f13a17b -> 
  custom:container-demuxer-webm: 4f35f7cbe854078d1ac9338744f61a02 -> 
  custom:container-demuxer-ogg: 62fdf1f143b41e24485cea50d1cbac27 -> 
  custom:video-encoder-webm-vp8: eb34c28f22e8b96e1ab97ce403110664 -> 
  custom:video-decoder-webm-vp8: 9c59270c3fd7afecdb556c50c9e8de78 -> 
  custom:audio-decoder-ogg-vorbis: bf7c407c2cedff20999df2af8eb42d56 -> 
  custom:audio-encoder-webm-vorbis: bf7c407c2cedff20999df2af8eb42d56 -> 
========================================================================
Received Import Request.
  path: Assets/logo.png
  artifactKey: Guid(32eae005348b42d4bbff760d753f5978) Importer(815301076,1909f56bfc062723c751e8b465ee728b)
Start importing Assets/logo.png using Guid(32eae005348b42d4bbff760d753f5978) Importer(815301076,1909f56bfc062723c751e8b465ee728b)  -> (artifact id: '76eaf9042686b8cf438c54edc402b35f') in 0.133872 seconds 
========================================================================
Received Import Request.
  Time since last request: 0.000227 seconds.
  path: Assets/Confetti.prefab
  artifactKey: Guid(a5fc6f6747af22044a740962065acbc0) Importer(815301076,1909f56bfc062723c751e8b465ee728b)
Start importing Assets/Confetti.prefab using Guid(a5fc6f6747af22044a740962065acbc0) Importer(815301076,1909f56bfc062723c751e8b465ee728b)  -> (artifact id: '2d28075f3d521cfd1f759e2979484423') in 0.040919 seconds 
========================================================================
Received Import Request.
  Time since last request: 4.846302 seconds.
  path: Assets/Enemy_FIles/Template_Enemy.prefab
  artifactKey: Guid(4eb71281e6b181f4a82e5f3f90828179) Importer(815301076,1909f56bfc062723c751e8b465ee728b)
Start importing Assets/Enemy_FIles/Template_Enemy.prefab using Guid(4eb71281e6b181f4a82e5f3f90828179) Importer(815301076,1909f56bfc062723c751e8b465ee728b)  -> (artifact id: '9a81d114d364c438b99befcdd2e76dae') in 0.022044 seconds 
========================================================================
Received Import Request.
  Time since last request: 0.202118 seconds.
  path: Assets/Menus/Main CameraTimeline.playable
  artifactKey: Guid(c6aea1c641ce50341a9a26aca5973613) Importer(815301076,1909f56bfc062723c751e8b465ee728b)
Start importing Assets/Menus/Main CameraTimeline.playable using Guid(c6aea1c641ce50341a9a26aca5973613) Importer(815301076,1909f56bfc062723c751e8b465ee728b)  -> (artifact id: '842c30d76a77a9d9b45525d6d926529f') in 0.012504 seconds 
========================================================================
Received Import Request.
  Time since last request: 3.494270 seconds.
  path: Assets/Battle_Scenes/Boss_Scene
  artifactKey: Guid(a4d3591fc5b280948b3f5bf98638270b) Importer(815301076,1909f56bfc062723c751e8b465ee728b)
Start importing Assets/Battle_Scenes/Boss_Scene using Guid(a4d3591fc5b280948b3f5bf98638270b) Importer(815301076,1909f56bfc062723c751e8b465ee728b)  -> (artifact id: 'db436f18fa015a2e7f9ce5e8ea436a71') in 0.006843 seconds 
========================================================================
Received Import Request.
  Time since last request: 0.633622 seconds.
  path: Assets/Battle_Scenes/Background
  artifactKey: Guid(47297e2fa8af2f14a9ed7f4ca1f60247) Importer(815301076,1909f56bfc062723c751e8b465ee728b)
Start importing Assets/Battle_Scenes/Background using Guid(47297e2fa8af2f14a9ed7f4ca1f60247) Importer(815301076,1909f56bfc062723c751e8b465ee728b)  -> (artifact id: 'b7d23c934d9f44d410c34c42b5dc23db') in 0.004699 seconds 
========================================================================
Received Import Request.
  Time since last request: 1.278513 seconds.
  path: Assets/Battle_Scenes/Boss_Scene/Boss_Scene_3.unity
  artifactKey: Guid(8418295ce2fd10f4f836097a622b9249) Importer(815301076,1909f56bfc062723c751e8b465ee728b)
Start importing Assets/Battle_Scenes/Boss_Scene/Boss_Scene_3.unity using Guid(8418295ce2fd10f4f836097a622b9249) Importer(815301076,1909f56bfc062723c751e8b465ee728b)  -> (artifact id: 'cb56890aa8b629a11c706f7784b53839') in 0.004939 seconds 
========================================================================
Received Import Request.
  Time since last request: 0.663076 seconds.
  path: Assets/Battle_Scenes/Boss_Scene/Boss_Scene_2.unity
  artifactKey: Guid(833c77a8360fb164d88f65cb70f6548d) Importer(815301076,1909f56bfc062723c751e8b465ee728b)
Start importing Assets/Battle_Scenes/Boss_Scene/Boss_Scene_2.unity using Guid(833c77a8360fb164d88f65cb70f6548d) Importer(815301076,1909f56bfc062723c751e8b465ee728b)  -> (artifact id: 'a952ac2c0a93cbbeb1fb545d5ad8f857') in 0.004748 seconds 
========================================================================
Received Import Request.
  Time since last request: 0.599104 seconds.
  path: Assets/Battle_Scenes/Boss_Scene/Boss_Scene_1.unity
  artifactKey: Guid(46702e9a137c99147bf6960b620ad575) Importer(815301076,1909f56bfc062723c751e8b465ee728b)
Start importing Assets/Battle_Scenes/Boss_Scene/Boss_Scene_1.unity using Guid(46702e9a137c99147bf6960b620ad575) Importer(815301076,1909f56bfc062723c751e8b465ee728b)  -> (artifact id: 'df5b23adc6a429e1a639f6419bedbdb9') in 0.004865 seconds 
========================================================================
Received Import Request.
  Time since last request: 1.631340 seconds.
  path: Assets/Battle_Scenes/Boss_Scene/Boss_Scene_4.unity
  artifactKey: Guid(c3d72782a56a135428fae052d07a4915) Importer(815301076,1909f56bfc062723c751e8b465ee728b)
Start importing Assets/Battle_Scenes/Boss_Scene/Boss_Scene_4.unity using Guid(c3d72782a56a135428fae052d07a4915) Importer(815301076,1909f56bfc062723c751e8b465ee728b)  -> (artifact id: 'd3cebc11e3a2fc1230fc1ea639e3c6fb') in 0.004738 seconds 
========================================================================
Received Prepare
Registering precompiled user dll's ...
Registered in 0.002457 seconds.
Begin MonoManager ReloadAssembly
Native extension for WindowsStandalone target not found
Refreshing native plugins compatible for Editor in 0.80 ms, found 3 plugins.
Preloading 0 native plugins for Editor in 0.00 ms.
Mono: successfully reloaded assembly
- Completed reload, in  1.137 seconds
Domain Reload Profiling:
	ReloadAssembly (1137ms)
		BeginReloadAssembly (139ms)
			ExecutionOrderSort (0ms)
			DisableScriptedObjects (7ms)
			BackupInstance (0ms)
			ReleaseScriptingObjects (0ms)
			CreateAndSetChildDomain (47ms)
		EndReloadAssembly (926ms)
			LoadAssemblies (108ms)
			RebuildTransferFunctionScriptingTraits (0ms)
			SetupTypeCache (353ms)
			ReleaseScriptCaches (1ms)
			RebuildScriptCaches (51ms)
			SetupLoadedEditorAssemblies (305ms)
				LogAssemblyErrors (0ms)
				InitializePlatformSupportModulesInManaged (5ms)
				SetLoadedEditorAssemblies (1ms)
				RefreshPlugins (1ms)
				BeforeProcessingInitializeOnLoad (70ms)
				ProcessInitializeOnLoadAttributes (205ms)
				ProcessInitializeOnLoadMethodAttributes (17ms)
				AfterProcessingInitializeOnLoad (6ms)
				EditorAssembliesLoaded (0ms)
			ExecutionOrderSort2 (0ms)
			AwakeInstancesAfterBackupRestoration (4ms)
Platform modules already initialized, skipping
Switching build target platform(19) subTarget(0) extendedPlatform(0) -> platform(13) subTarget(537395200) extendedPlatform(0)
Refreshing native plugins compatible for Editor in 0.79 ms, found 3 plugins.
Preloading 0 native plugins for Editor in 0.00 ms.
Unloading 2452 Unused Serialized files (Serialized files now loaded: 0)
System memory in use before: 108.3 MB.
System memory in use after: 108.5 MB.

Unloading 37 unused Assets to reduce memory usage. Loaded Objects now: 2906.
Total: 3.285100 ms (FindLiveObjects: 0.199500 ms CreateObjectMapping: 0.110100 ms MarkObjects: 2.932400 ms  DeleteObjects: 0.042300 ms)

AssetImportParameters requested are different than current active one (requested -> active):
  custom:framework-win-MediaFoundation: 216162199b28c13a410421893ffa2e32 -> 
  custom:video-decoder-ogg-theora: a1e56fd34408186e4bbccfd4996cb3dc -> 
  custom:container-muxer-webm: aa71ff27fc2769a1b78a27578f13a17b -> 
  custom:container-demuxer-webm: 4f35f7cbe854078d1ac9338744f61a02 -> 
  custom:container-demuxer-ogg: 62fdf1f143b41e24485cea50d1cbac27 -> 
  custom:video-encoder-webm-vp8: eb34c28f22e8b96e1ab97ce403110664 -> 
  custom:video-decoder-webm-vp8: 9c59270c3fd7afecdb556c50c9e8de78 -> 
  custom:graphics/normal-map-encoding: 01000000000000000000000000000000 -> 02000000000000000000000000000000
  custom:audio-decoder-ogg-vorbis: bf7c407c2cedff20999df2af8eb42d56 -> 
  custom:audio-encoder-webm-vorbis: bf7c407c2cedff20999df2af8eb42d56 -> 
========================================================================
Received Import Request.
  Time since last request: 30.853772 seconds.
  path: Assets/Music/Battle Menu.mp3
  artifactKey: Guid(1670d692402cbf248b32079c8b331fa3) Importer(815301076,1909f56bfc062723c751e8b465ee728b)
Start importing Assets/Music/Battle Menu.mp3 using Guid(1670d692402cbf248b32079c8b331fa3) Importer(815301076,1909f56bfc062723c751e8b465ee728b)  -> (artifact id: '924f3beffad952957975d34c53fe59a8') in 0.151017 seconds 
========================================================================
Received Import Request.
  Time since last request: 0.000241 seconds.
  path: Assets/Music/Title Theme .wav
  artifactKey: Guid(f9033e5e08d22c64f83a5315b6625fbb) Importer(815301076,1909f56bfc062723c751e8b465ee728b)
Start importing Assets/Music/Title Theme .wav using Guid(f9033e5e08d22c64f83a5315b6625fbb) Importer(815301076,1909f56bfc062723c751e8b465ee728b)  -> (artifact id: '3ad726c3c182f1514b66a2cdccab376f') in 0.013659 seconds 
========================================================================
Received Import Request.
  Time since last request: 0.000185 seconds.
  path: Assets/Music/Game Menu.wav
  artifactKey: Guid(48a35904cf43bf44d8bdeba5e376743b) Importer(815301076,1909f56bfc062723c751e8b465ee728b)
Start importing Assets/Music/Game Menu.wav using Guid(48a35904cf43bf44d8bdeba5e376743b) Importer(815301076,1909f56bfc062723c751e8b465ee728b)  -> (artifact id: '40aaeb80e3be3c2f0c442f05acd9a4e7') in 0.022011 seconds 
========================================================================
Received Import Request.
  Time since last request: 0.000275 seconds.
  path: Assets/Music/Battle_Boss_Music.wav
  artifactKey: Guid(25e52812d5a158248a063160fd194b8d) Importer(815301076,1909f56bfc062723c751e8b465ee728b)
Start importing Assets/Music/Battle_Boss_Music.wav using Guid(25e52812d5a158248a063160fd194b8d) Importer(815301076,1909f56bfc062723c751e8b465ee728b)  -> (artifact id: '7bdad968076a0bbfdfbae0c57837f2b2') in 0.014910 seconds 
========================================================================
Received Import Request.
  Time since last request: 0.000322 seconds.
  path: Assets/Music/Defeat.wav
  artifactKey: Guid(3c93c14df665c424d9e39d22af2d9843) Importer(815301076,1909f56bfc062723c751e8b465ee728b)
Start importing Assets/Music/Defeat.wav using Guid(3c93c14df665c424d9e39d22af2d9843) Importer(815301076,1909f56bfc062723c751e8b465ee728b)  -> (artifact id: 'c380efb254ad6199cff76dd85eb7aca9') in 0.020905 seconds 
========================================================================
Received Import Request.
  Time since last request: 0.000220 seconds.
  path: Assets/Music/Shop_Music.wav
  artifactKey: Guid(34ac94b5bc227b0469d6c0af552a69ca) Importer(815301076,1909f56bfc062723c751e8b465ee728b)
Start importing Assets/Music/Shop_Music.wav using Guid(34ac94b5bc227b0469d6c0af552a69ca) Importer(815301076,1909f56bfc062723c751e8b465ee728b)  -> (artifact id: 'a9469f0f9379278aca4e301849e4149e') in 0.014757 seconds 
========================================================================
Received Import Request.
  Time since last request: 0.000244 seconds.
  path: Assets/Music/Battle_Music.wav
  artifactKey: Guid(2adb0c1c5927d2b468230c8035db3231) Importer(815301076,1909f56bfc062723c751e8b465ee728b)
Start importing Assets/Music/Battle_Music.wav using Guid(2adb0c1c5927d2b468230c8035db3231) Importer(815301076,1909f56bfc062723c751e8b465ee728b)  -> (artifact id: '35f9227b4e652f680a0da8dc29262f5f') in 0.019451 seconds 
========================================================================
Received Import Request.
  Time since last request: 0.000173 seconds.
  path: Assets/Music/Victory.wav
  artifactKey: Guid(8a58a3221a6addf4db491271186ebd0c) Importer(815301076,1909f56bfc062723c751e8b465ee728b)
Start importing Assets/Music/Victory.wav using Guid(8a58a3221a6addf4db491271186ebd0c) Importer(815301076,1909f56bfc062723c751e8b465ee728b)  -> (artifact id: '19828e279f08aa38f0cbe77fc93673f7') in 0.026755 seconds 
========================================================================
Received Import Request.
  Time since last request: 0.000252 seconds.
  path: Assets/Music/Minigame Selector.mp3
  artifactKey: Guid(37e018ca7cdef4c4bba6233833e167c2) Importer(815301076,1909f56bfc062723c751e8b465ee728b)
Start importing Assets/Music/Minigame Selector.mp3 using Guid(37e018ca7cdef4c4bba6233833e167c2) Importer(815301076,1909f56bfc062723c751e8b465ee728b)  -> (artifact id: 'e24e10ea96df8d376ed7f1451def676a') in 0.019821 seconds 
========================================================================
Received Import Request.
  Time since last request: 0.000244 seconds.
  path: Assets/Music/Victory_Boss.ogg
  artifactKey: Guid(95022db4108d13a4fa2add6ee866fe5a) Importer(815301076,1909f56bfc062723c751e8b465ee728b)
Start importing Assets/Music/Victory_Boss.ogg using Guid(95022db4108d13a4fa2add6ee866fe5a) Importer(815301076,1909f56bfc062723c751e8b465ee728b)  -> (artifact id: '4ab8f49bca48788ec79530702f3e9840') in 0.016490 seconds 
========================================================================
Received Import Request.
  Time since last request: 0.109212 seconds.
  path: Assets/Player/Player.prefab
  artifactKey: Guid(764887876e177634d9b3fcbae2cd9149) Importer(815301076,1909f56bfc062723c751e8b465ee728b)
Start importing Assets/Player/Player.prefab using Guid(764887876e177634d9b3fcbae2cd9149) Importer(815301076,1909f56bfc062723c751e8b465ee728b)  -> (artifact id: 'b2431dd27d85f46ef44a16e1496a72de') in 0.050663 seconds 
========================================================================
Received Import Request.
  Time since last request: 44.471934 seconds.
  path: Assets/SFX&BGM/Bird Chirping Sound Effect.mp3
  artifactKey: Guid(5bbff906e38b03a4fb96749cd9c9e9ef) Importer(815301076,1909f56bfc062723c751e8b465ee728b)
Start importing Assets/SFX&BGM/Bird Chirping Sound Effect.mp3 using Guid(5bbff906e38b03a4fb96749cd9c9e9ef) Importer(815301076,1909f56bfc062723c751e8b465ee728b)  -> (artifact id: '4635a2312b58f5536f141b59d4335219') in 0.018437 seconds 
========================================================================
Received Import Request.
  Time since last request: 0.000203 seconds.
  path: Assets/SFX&BGM/Happy and Cheerful Background Music _ Casual Royalty-Free Video Game Music by WOW Sound.wav
  artifactKey: Guid(305b4d3fb9a83614e9823119bf394011) Importer(815301076,1909f56bfc062723c751e8b465ee728b)
Start importing Assets/SFX&BGM/Happy and Cheerful Background Music _ Casual Royalty-Free Video Game Music by WOW Sound.wav using Guid(305b4d3fb9a83614e9823119bf394011) Importer(815301076,1909f56bfc062723c751e8b465ee728b)  -> (artifact id: 'd40c2ef25878930173319bafe21acd0e') in 0.024353 seconds 
========================================================================
Received Import Request.
  Time since last request: 0.000194 seconds.
  path: Assets/SFX&BGM/HolFix - Pixel Parade.mp3
  artifactKey: Guid(13d2257045a8822418a7193b5baebcfe) Importer(815301076,1909f56bfc062723c751e8b465ee728b)
Start importing Assets/SFX&BGM/HolFix - Pixel Parade.mp3 using Guid(13d2257045a8822418a7193b5baebcfe) Importer(815301076,1909f56bfc062723c751e8b465ee728b)  -> (artifact id: '1e86b43f70691820cf1dcb3380c43ebc') in 0.013054 seconds 
========================================================================
Received Import Request.
  Time since last request: 0.000212 seconds.
  path: Assets/SFX&BGM/Take 5 - The Forest Awakens - Nature Sounds for Stress Relief.mp3
  artifactKey: Guid(9ad9062ab050aba4abbfdf6a9431d5bc) Importer(815301076,1909f56bfc062723c751e8b465ee728b)
Start importing Assets/SFX&BGM/Take 5 - The Forest Awakens - Nature Sounds for Stress Relief.mp3 using Guid(9ad9062ab050aba4abbfdf6a9431d5bc) Importer(815301076,1909f56bfc062723c751e8b465ee728b)  -> (artifact id: 'bee248e68a6c5ce49ac9ad88029e82a4') in 0.013297 seconds 
========================================================================
Received Import Request.
  Time since last request: 0.000277 seconds.
  path: Assets/SFX&BGM/Viridian Forest - Pokémon HeartGoldSoulSilver-DJc4EtPpOys-160k-1638668790291.mp3
  artifactKey: Guid(59d7e2ddd9ec8f845ae29aa10d57483c) Importer(815301076,1909f56bfc062723c751e8b465ee728b)
Start importing Assets/SFX&BGM/Viridian Forest - Pokémon HeartGoldSoulSilver-DJc4EtPpOys-160k-1638668790291.mp3 using Guid(59d7e2ddd9ec8f845ae29aa10d57483c) Importer(815301076,1909f56bfc062723c751e8b465ee728b)  -> (artifact id: 'a0809354cb2ce33d687ebf8d78003f23') in 0.013615 seconds 
========================================================================
Received Import Request.
  Time since last request: 0.000239 seconds.
  path: Assets/SFX&BGM/Escape from the City 8 Bit Remix - Sonic Adventure 2.ogg
  artifactKey: Guid(e857926c562a47d49b6d96f54b53698a) Importer(815301076,1909f56bfc062723c751e8b465ee728b)
Start importing Assets/SFX&BGM/Escape from the City 8 Bit Remix - Sonic Adventure 2.ogg using Guid(e857926c562a47d49b6d96f54b53698a) Importer(815301076,1909f56bfc062723c751e8b465ee728b)  -> (artifact id: '49ee15a90fd92ac505a84de9f35df96a') in 0.015163 seconds 
========================================================================
Received Import Request.
  Time since last request: 0.000206 seconds.
  path: Assets/SFX&BGM/Shop - The Legend of Zelda - Ocarina of Time.mp3
  artifactKey: Guid(0e635ea3771dc5846b7210ab59d4b155) Importer(815301076,1909f56bfc062723c751e8b465ee728b)
Start importing Assets/SFX&BGM/Shop - The Legend of Zelda - Ocarina of Time.mp3 using Guid(0e635ea3771dc5846b7210ab59d4b155) Importer(815301076,1909f56bfc062723c751e8b465ee728b)  -> (artifact id: '1a1dfea9cc697ed391f3a4740c4c50c5') in 0.024456 seconds 
========================================================================
Received Import Request.
  Time since last request: 13.793488 seconds.
  path: Assets/Menus/Shop
  artifactKey: Guid(1b61dc9920fb4f149ab56c051f019cab) Importer(815301076,1909f56bfc062723c751e8b465ee728b)
Start importing Assets/Menus/Shop using Guid(1b61dc9920fb4f149ab56c051f019cab) Importer(815301076,1909f56bfc062723c751e8b465ee728b)  -> (artifact id: '3562ed1b1a4f4ba014efebc53a724495') in 0.005654 seconds 
========================================================================
Received Import Request.
  Time since last request: 0.056727 seconds.
  path: Assets/Menus/Shop/Speech_bubble.png
  artifactKey: Guid(a8ea6a9e141e6084da8e0ff25863cd37) Importer(815301076,1909f56bfc062723c751e8b465ee728b)
Start importing Assets/Menus/Shop/Speech_bubble.png using Guid(a8ea6a9e141e6084da8e0ff25863cd37) Importer(815301076,1909f56bfc062723c751e8b465ee728b)  -> (artifact id: '203e215a8aa150a4a8baccaabaf80eef') in 0.029479 seconds 
========================================================================
Received Import Request.
  Time since last request: 3.089223 seconds.
  path: Assets/Menus/Button/Back_Button.png
  artifactKey: Guid(7656be063522b03489ecf4b546b33428) Importer(815301076,1909f56bfc062723c751e8b465ee728b)
Start importing Assets/Menus/Button/Back_Button.png using Guid(7656be063522b03489ecf4b546b33428) Importer(815301076,1909f56bfc062723c751e8b465ee728b)  -> (artifact id: '32a20cce7195014ea678ed615612e056') in 0.015658 seconds 
========================================================================
Received Import Request.
  Time since last request: 0.000189 seconds.
  path: Assets/Menus/Button/Shop_Button_Selected.png
  artifactKey: Guid(04706ee8e08e9c241bba79471b7887d6) Importer(815301076,1909f56bfc062723c751e8b465ee728b)
Start importing Assets/Menus/Button/Shop_Button_Selected.png using Guid(04706ee8e08e9c241bba79471b7887d6) Importer(815301076,1909f56bfc062723c751e8b465ee728b)  -> (artifact id: '52706e48089bc40641aea8192beff13c') in 0.015830 seconds 
========================================================================
Received Import Request.
  Time since last request: 0.000237 seconds.
  path: Assets/Menus/Button/Button_Highlighted.png
  artifactKey: Guid(67597bbeccfa1be4bae7d51fcb917952) Importer(815301076,1909f56bfc062723c751e8b465ee728b)
Start importing Assets/Menus/Button/Button_Highlighted.png using Guid(67597bbeccfa1be4bae7d51fcb917952) Importer(815301076,1909f56bfc062723c751e8b465ee728b)  -> (artifact id: 'eddd6842420244e7f72528a497ca0bcf') in 0.023377 seconds 
========================================================================
Received Import Request.
  Time since last request: 0.000254 seconds.
  path: Assets/Menus/Button/Button_Menu_2_Selected.png
  artifactKey: Guid(59d285a0009a4c34d8fd1c232434759a) Importer(815301076,1909f56bfc062723c751e8b465ee728b)
Start importing Assets/Menus/Button/Button_Menu_2_Selected.png using Guid(59d285a0009a4c34d8fd1c232434759a) Importer(815301076,1909f56bfc062723c751e8b465ee728b)  -> (artifact id: '7fd94089c12cc7c69eee1bcd644cf407') in 0.026531 seconds 
========================================================================
Received Import Request.
  Time since last request: 0.000224 seconds.
  path: Assets/Menus/Button/Exit.png
  artifactKey: Guid(041ff170b15844447a272959264110b0) Importer(815301076,1909f56bfc062723c751e8b465ee728b)
Start importing Assets/Menus/Button/Exit.png using Guid(041ff170b15844447a272959264110b0) Importer(815301076,1909f56bfc062723c751e8b465ee728b)  -> (artifact id: 'b8475cd1122d56b48ec193440e5359bd') in 0.017828 seconds 
========================================================================
Received Import Request.
  Time since last request: 0.000268 seconds.
  path: Assets/Menus/Button/Button_Menu_2.png
  artifactKey: Guid(9da61aba62aba6940aa60c8efb6d4155) Importer(815301076,1909f56bfc062723c751e8b465ee728b)
Start importing Assets/Menus/Button/Button_Menu_2.png using Guid(9da61aba62aba6940aa60c8efb6d4155) Importer(815301076,1909f56bfc062723c751e8b465ee728b)  -> (artifact id: '667e9dbda83d0a463ffadbcf3c4141d1') in 0.025516 seconds 
========================================================================
Received Import Request.
  Time since last request: 0.000193 seconds.
  path: Assets/Menus/Button/Button.png
  artifactKey: Guid(812d5c4ac102b24488c7e57ec3e5ec2f) Importer(815301076,1909f56bfc062723c751e8b465ee728b)
Start importing Assets/Menus/Button/Button.png using Guid(812d5c4ac102b24488c7e57ec3e5ec2f) Importer(815301076,1909f56bfc062723c751e8b465ee728b)  -> (artifact id: '12579f70ea0293d6d48c5c8b89b1ef6c') in 0.015164 seconds 
========================================================================
Received Import Request.
  Time since last request: 0.000264 seconds.
  path: Assets/Menus/Button/Default_Button.png
  artifactKey: Guid(32604b4a4d724ff41ad7a7cdcadd0f1a) Importer(815301076,1909f56bfc062723c751e8b465ee728b)
Start importing Assets/Menus/Button/Default_Button.png using Guid(32604b4a4d724ff41ad7a7cdcadd0f1a) Importer(815301076,1909f56bfc062723c751e8b465ee728b)  -> (artifact id: 'aeb1172215a6680a09fe90897c529d75') in 0.017062 seconds 
========================================================================
Received Import Request.
  Time since last request: 0.000253 seconds.
  path: Assets/Menus/Button/Keybuttons_jump.png
  artifactKey: Guid(43135816817b2c34c90c1d78e4598740) Importer(815301076,1909f56bfc062723c751e8b465ee728b)
Start importing Assets/Menus/Button/Keybuttons_jump.png using Guid(43135816817b2c34c90c1d78e4598740) Importer(815301076,1909f56bfc062723c751e8b465ee728b)  -> (artifact id: 'e4a03b99c948325a7d06432dec104ebd') in 0.021252 seconds 
========================================================================
Received Import Request.
  Time since last request: 0.000360 seconds.
  path: Assets/Menus/Button/Battle_Boss_Button.png
  artifactKey: Guid(f8b0591d030ec62458844f99ba1bab16) Importer(815301076,1909f56bfc062723c751e8b465ee728b)
Start importing Assets/Menus/Button/Battle_Boss_Button.png using Guid(f8b0591d030ec62458844f99ba1bab16) Importer(815301076,1909f56bfc062723c751e8b465ee728b)  -> (artifact id: 'cf29ef7f15a708f280183fbf795fdf37') in 0.021961 seconds 
========================================================================
Received Import Request.
  Time since last request: 0.000173 seconds.
  path: Assets/Menus/Button/Keybuttons_left.png
  artifactKey: Guid(c5c68bae3d8c65f49977d37e37761cc8) Importer(815301076,1909f56bfc062723c751e8b465ee728b)
Start importing Assets/Menus/Button/Keybuttons_left.png using Guid(c5c68bae3d8c65f49977d37e37761cc8) Importer(815301076,1909f56bfc062723c751e8b465ee728b)  -> (artifact id: 'ff919399fd44b56a2fbc62df29f370cd') in 0.014612 seconds 
========================================================================
Received Import Request.
  Time since last request: 0.000217 seconds.
  path: Assets/Menus/Button/Battle_Boss_Button_Selected.png
  artifactKey: Guid(a58f9a573c2dbf946b28b332d0a00b2a) Importer(815301076,1909f56bfc062723c751e8b465ee728b)
Start importing Assets/Menus/Button/Battle_Boss_Button_Selected.png using Guid(a58f9a573c2dbf946b28b332d0a00b2a) Importer(815301076,1909f56bfc062723c751e8b465ee728b)  -> (artifact id: '244cdafea2843ca1527b5f7a6c671b9a') in 0.014521 seconds 
========================================================================
Received Import Request.
  Time since last request: 0.000196 seconds.
  path: Assets/Menus/Button/Keybuttons_right.png
  artifactKey: Guid(da323670180a6274f814f25097c60cbb) Importer(815301076,1909f56bfc062723c751e8b465ee728b)
Start importing Assets/Menus/Button/Keybuttons_right.png using Guid(da323670180a6274f814f25097c60cbb) Importer(815301076,1909f56bfc062723c751e8b465ee728b)  -> (artifact id: 'fabc254a0e0bdbf47d7173d18f8fab70') in 0.013530 seconds 
========================================================================
Received Import Request.
  Time since last request: 0.000211 seconds.
  path: Assets/Menus/Button/Shop_Button.png
  artifactKey: Guid(5c4cae213552496459a183d14d817dd9) Importer(815301076,1909f56bfc062723c751e8b465ee728b)
Start importing Assets/Menus/Button/Shop_Button.png using Guid(5c4cae213552496459a183d14d817dd9) Importer(815301076,1909f56bfc062723c751e8b465ee728b)  -> (artifact id: '26816ae9e6d262fde2cf161f24ac1e72') in 0.013143 seconds 
========================================================================
Received Import Request.
  Time since last request: 0.000261 seconds.
  path: Assets/Menus/Button/Battle_Button_Selected.png
  artifactKey: Guid(7432e23c1dd55b9448660482d5d97fe7) Importer(815301076,1909f56bfc062723c751e8b465ee728b)
Start importing Assets/Menus/Button/Battle_Button_Selected.png using Guid(7432e23c1dd55b9448660482d5d97fe7) Importer(815301076,1909f56bfc062723c751e8b465ee728b)  -> (artifact id: '7292ebadc693eca34771b5d920ef590a') in 0.024318 seconds 
========================================================================
Received Import Request.
  Time since last request: 0.000166 seconds.
  path: Assets/Menus/Button/Battle_Boss_Button_Disabled.png
  artifactKey: Guid(fde5d6017b56ab54cb81d94a9d2888ed) Importer(815301076,1909f56bfc062723c751e8b465ee728b)
Start importing Assets/Menus/Button/Battle_Boss_Button_Disabled.png using Guid(fde5d6017b56ab54cb81d94a9d2888ed) Importer(815301076,1909f56bfc062723c751e8b465ee728b)  -> (artifact id: '52952b381c04b53df37ee96623aa31bb') in 0.029032 seconds 
========================================================================
Received Import Request.
  Time since last request: 0.000168 seconds.
  path: Assets/Menus/Button/Button_Menu_Selected.png
  artifactKey: Guid(4f6cc34e66967f442833beaf07c54c52) Importer(815301076,1909f56bfc062723c751e8b465ee728b)
Start importing Assets/Menus/Button/Button_Menu_Selected.png using Guid(4f6cc34e66967f442833beaf07c54c52) Importer(815301076,1909f56bfc062723c751e8b465ee728b)  -> (artifact id: 'cc2993f7531655e4116c9cc643b1178c') in 0.013913 seconds 
========================================================================
Received Import Request.
  Time since last request: 0.000176 seconds.
  path: Assets/Menus/Button/Information_Button.png
  artifactKey: Guid(86a4bc486e7d44a4c92a63efbf188652) Importer(815301076,1909f56bfc062723c751e8b465ee728b)
Start importing Assets/Menus/Button/Information_Button.png using Guid(86a4bc486e7d44a4c92a63efbf188652) Importer(815301076,1909f56bfc062723c751e8b465ee728b)  -> (artifact id: 'b6f663e9bc09f87f43e68861050bf1f3') in 0.015849 seconds 
========================================================================
Received Import Request.
  Time since last request: 0.000410 seconds.
  path: Assets/Menus/Button/Back_Button_Highlighted.png
  artifactKey: Guid(cc9c5064331cf27448a63542f796a895) Importer(815301076,1909f56bfc062723c751e8b465ee728b)
Start importing Assets/Menus/Button/Back_Button_Highlighted.png using Guid(cc9c5064331cf27448a63542f796a895) Importer(815301076,1909f56bfc062723c751e8b465ee728b)  -> (artifact id: '1b5d12b1fd9f533d611a26bde94dceac') in 0.013797 seconds 
========================================================================
Received Import Request.
  Time since last request: 0.000218 seconds.
  path: Assets/Menus/Button/Train_Button.png
  artifactKey: Guid(b66f232e30c0a7543ba1699c42b7cad5) Importer(815301076,1909f56bfc062723c751e8b465ee728b)
Start importing Assets/Menus/Button/Train_Button.png using Guid(b66f232e30c0a7543ba1699c42b7cad5) Importer(815301076,1909f56bfc062723c751e8b465ee728b)  -> (artifact id: '9e28850a4a2c0f1cebdf819419d72587') in 0.013252 seconds 
========================================================================
Received Import Request.
  Time since last request: 0.000211 seconds.
  path: Assets/Menus/Button/Button_Menu.png
  artifactKey: Guid(5d3ecfd29cd037842b28767e42b4b24c) Importer(815301076,1909f56bfc062723c751e8b465ee728b)
Start importing Assets/Menus/Button/Button_Menu.png using Guid(5d3ecfd29cd037842b28767e42b4b24c) Importer(815301076,1909f56bfc062723c751e8b465ee728b)  -> (artifact id: '99af4c919df7825d3c94fa5fecbd4d51') in 0.013685 seconds 
========================================================================
Received Import Request.
  Time since last request: 0.000251 seconds.
  path: Assets/Menus/Button/Train_Button_Selected.png
  artifactKey: Guid(7ef09c1572666584eb8be90d60df2dfb) Importer(815301076,1909f56bfc062723c751e8b465ee728b)
Start importing Assets/Menus/Button/Train_Button_Selected.png using Guid(7ef09c1572666584eb8be90d60df2dfb) Importer(815301076,1909f56bfc062723c751e8b465ee728b)  -> (artifact id: '6d21db27e0e7736d36b1c1933cf2c77d') in 0.014222 seconds 
========================================================================
Received Import Request.
  Time since last request: 0.000176 seconds.
  path: Assets/Menus/Button/Battle_Button.png
  artifactKey: Guid(0446092731daa96428a2007e9b5736ac) Importer(815301076,1909f56bfc062723c751e8b465ee728b)
Start importing Assets/Menus/Button/Battle_Button.png using Guid(0446092731daa96428a2007e9b5736ac) Importer(815301076,1909f56bfc062723c751e8b465ee728b)  -> (artifact id: '599dd2b235933edaa27152af852f8352') in 0.015015 seconds 
========================================================================
Received Import Request.
  Time since last request: 0.063073 seconds.
  path: Assets/Menus/Fonts/Pixelfy.ttf
  artifactKey: Guid(91835f3ca22611b4cafed9cbe03b399f) Importer(815301076,1909f56bfc062723c751e8b465ee728b)
Start importing Assets/Menus/Fonts/Pixelfy.ttf using Guid(91835f3ca22611b4cafed9cbe03b399f) Importer(815301076,1909f56bfc062723c751e8b465ee728b)  -> (artifact id: '42d9b2687b358e943153a705088423eb') in 0.066026 seconds 
========================================================================
Received Import Request.
  Time since last request: 0.000200 seconds.
  path: Assets/Menus/Fonts/Pixels.ttf
  artifactKey: Guid(0f1e8dbbe27054542881cd6d50223191) Importer(815301076,1909f56bfc062723c751e8b465ee728b)
Start importing Assets/Menus/Fonts/Pixels.ttf using Guid(0f1e8dbbe27054542881cd6d50223191) Importer(815301076,1909f56bfc062723c751e8b465ee728b)  -> (artifact id: '529fccacd20dd32ad4cb7c784f461b2b') in 0.016492 seconds 
========================================================================
Received Import Request.
  Time since last request: 0.211681 seconds.
  path: Assets/Menus/Help_Images/Agility_image.png
  artifactKey: Guid(01ecb93f9e7a563478e022627260bee9) Importer(815301076,1909f56bfc062723c751e8b465ee728b)
Start importing Assets/Menus/Help_Images/Agility_image.png using Guid(01ecb93f9e7a563478e022627260bee9) Importer(815301076,1909f56bfc062723c751e8b465ee728b)  -> (artifact id: '4fe4f75f07235797393378b796d465cb') in 0.040084 seconds 
========================================================================
Received Import Request.
  Time since last request: 0.000228 seconds.
  path: Assets/Menus/Help_Images/Endurance_Image.png
  artifactKey: Guid(b487844e645b2844da8d6cfa296fa8bb) Importer(815301076,1909f56bfc062723c751e8b465ee728b)
Start importing Assets/Menus/Help_Images/Endurance_Image.png using Guid(b487844e645b2844da8d6cfa296fa8bb) Importer(815301076,1909f56bfc062723c751e8b465ee728b)  -> (artifact id: '17c5d94774aae5b6b287813795eaefd9') in 0.032908 seconds 
========================================================================
Received Import Request.
  Time since last request: 0.000188 seconds.
  path: Assets/Menus/Help_Images/Strength_Image.png
  artifactKey: Guid(045eff29e443e7f48b0eb226f784d577) Importer(815301076,1909f56bfc062723c751e8b465ee728b)
Start importing Assets/Menus/Help_Images/Strength_Image.png using Guid(045eff29e443e7f48b0eb226f784d577) Importer(815301076,1909f56bfc062723c751e8b465ee728b)  -> (artifact id: 'c0769ce088152460a1a1c728ac06998e') in 0.039008 seconds 
========================================================================
Received Import Request.
  Time since last request: 0.172398 seconds.
  path: Assets/Menus/Help_Object/Help.prefab
  artifactKey: Guid(546e18ebc62b3b741a74b9ac3803a935) Importer(815301076,1909f56bfc062723c751e8b465ee728b)
Start importing Assets/Menus/Help_Object/Help.prefab using Guid(546e18ebc62b3b741a74b9ac3803a935) Importer(815301076,1909f56bfc062723c751e8b465ee728b)  -> (artifact id: 'cb3a878acf5339597689e27ad2f0359b') in 0.020214 seconds 
========================================================================
Received Import Request.
  Time since last request: 0.512127 seconds.
  path: Assets/Menus/Background/Battle_Menu_BG.png
  artifactKey: Guid(59dd4baa51c9bbb468d213ab3e519df8) Importer(815301076,1909f56bfc062723c751e8b465ee728b)
Start importing Assets/Menus/Background/Battle_Menu_BG.png using Guid(59dd4baa51c9bbb468d213ab3e519df8) Importer(815301076,1909f56bfc062723c751e8b465ee728b)  -> (artifact id: 'db335d068a12602caa1cbc5a28d7725e') in 0.018608 seconds 
========================================================================
Received Import Request.
  Time since last request: 0.000203 seconds.
  path: Assets/Menus/Background/Help_Window.png
  artifactKey: Guid(3e6c01cb479e29b4fb33c4fa116e1425) Importer(815301076,1909f56bfc062723c751e8b465ee728b)
Start importing Assets/Menus/Background/Help_Window.png using Guid(3e6c01cb479e29b4fb33c4fa116e1425) Importer(815301076,1909f56bfc062723c751e8b465ee728b)  -> (artifact id: '026fff2900cb89eb28316aeccd744985') in 0.014187 seconds 
========================================================================
Received Import Request.
  Time since last request: 0.000203 seconds.
  path: Assets/Menus/Background/Game_Menu_Selector.png
  artifactKey: Guid(a16b7d11418e029469bc9189dd73e6ec) Importer(815301076,1909f56bfc062723c751e8b465ee728b)
Start importing Assets/Menus/Background/Game_Menu_Selector.png using Guid(a16b7d11418e029469bc9189dd73e6ec) Importer(815301076,1909f56bfc062723c751e8b465ee728b)  -> (artifact id: 'f5bbce752311056dafa970b025b7c840') in 0.014273 seconds 
========================================================================
Received Import Request.
  Time since last request: 0.000241 seconds.
  path: Assets/Menus/Background/Boss_Victory.png
  artifactKey: Guid(176c9d62b0bf36349a39efcd8fdb94c0) Importer(815301076,1909f56bfc062723c751e8b465ee728b)
Start importing Assets/Menus/Background/Boss_Victory.png using Guid(176c9d62b0bf36349a39efcd8fdb94c0) Importer(815301076,1909f56bfc062723c751e8b465ee728b)  -> (artifact id: '3f250f421bcb7459f40a41f135826747') in 0.021488 seconds 
========================================================================
Received Import Request.
  Time since last request: 0.000180 seconds.
  path: Assets/Menus/Background/Confetti.png
  artifactKey: Guid(609e021a00047dc4a96430da1acbc5e9) Importer(815301076,1909f56bfc062723c751e8b465ee728b)
Start importing Assets/Menus/Background/Confetti.png using Guid(609e021a00047dc4a96430da1acbc5e9) Importer(815301076,1909f56bfc062723c751e8b465ee728b)  -> (artifact id: '2fdb51b9d56b05a337551fdda4985029') in 0.021048 seconds 
========================================================================
Received Import Request.
  Time since last request: 0.000147 seconds.
  path: Assets/Menus/Background/Menu-Tab-2.png
  artifactKey: Guid(ce081bc2379dd1047bed9dcdd2fa9308) Importer(815301076,1909f56bfc062723c751e8b465ee728b)
Start importing Assets/Menus/Background/Menu-Tab-2.png using Guid(ce081bc2379dd1047bed9dcdd2fa9308) Importer(815301076,1909f56bfc062723c751e8b465ee728b)  -> (artifact id: 'c7970f546335ffb25155a21fa6fd65f2') in 0.013869 seconds 
========================================================================
Received Import Request.
  Time since last request: 0.000237 seconds.
  path: Assets/Menus/Background/Main_Screen_BG.png
  artifactKey: Guid(cc8112cf9066e4f489f84c80fd409f68) Importer(815301076,1909f56bfc062723c751e8b465ee728b)
Start importing Assets/Menus/Background/Main_Screen_BG.png using Guid(cc8112cf9066e4f489f84c80fd409f68) Importer(815301076,1909f56bfc062723c751e8b465ee728b)  -> (artifact id: 'f33397f494ce06102b8bc6f89a78ffb8') in 0.015147 seconds 
========================================================================
Received Import Request.
  Time since last request: 0.000215 seconds.
  path: Assets/Menus/Background/Menu-Tab-3.png
  artifactKey: Guid(3942e8bb983d40c428d2dc6d91f06b50) Importer(815301076,1909f56bfc062723c751e8b465ee728b)
Start importing Assets/Menus/Background/Menu-Tab-3.png using Guid(3942e8bb983d40c428d2dc6d91f06b50) Importer(815301076,1909f56bfc062723c751e8b465ee728b)  -> (artifact id: 'bb5f594e7a9493e78684aeb9d2ad7515') in 0.015231 seconds 
========================================================================
Received Import Request.
  Time since last request: 0.000170 seconds.
  path: Assets/Menus/Background/CoinBag.png
  artifactKey: Guid(26b6d59445c662c43828cd3aff11a8af) Importer(815301076,1909f56bfc062723c751e8b465ee728b)
Start importing Assets/Menus/Background/CoinBag.png using Guid(26b6d59445c662c43828cd3aff11a8af) Importer(815301076,1909f56bfc062723c751e8b465ee728b)  -> (artifact id: '5a80826ca4abd7b238c88178447cd66e') in 0.020925 seconds 
========================================================================
Received Import Request.
  Time since last request: 0.000202 seconds.
  path: Assets/Menus/Background/Train_BG.png
  artifactKey: Guid(21afb62debabf4948835453d4ae33dfb) Importer(815301076,1909f56bfc062723c751e8b465ee728b)
Start importing Assets/Menus/Background/Train_BG.png using Guid(21afb62debabf4948835453d4ae33dfb) Importer(815301076,1909f56bfc062723c751e8b465ee728b)  -> (artifact id: 'ef96f23dce3c65b4f8e71b0b5833ac40') in 0.022002 seconds 
========================================================================
Received Import Request.
  Time since last request: 0.000139 seconds.
  path: Assets/Menus/Background/Logo_BG.png
  artifactKey: Guid(ebe2cb7cef805f4418c651e0689aac93) Importer(815301076,1909f56bfc062723c751e8b465ee728b)
Start importing Assets/Menus/Background/Logo_BG.png using Guid(ebe2cb7cef805f4418c651e0689aac93) Importer(815301076,1909f56bfc062723c751e8b465ee728b)  -> (artifact id: '77e3165b91fe4305bbe3474defc1c237') in 0.022330 seconds 
========================================================================
Received Import Request.
  Time since last request: 0.000286 seconds.
  path: Assets/Menus/Background/Menu-Tab-3-export.png
  artifactKey: Guid(9d2f2552a9b90d845bb839061e6025bf) Importer(815301076,1909f56bfc062723c751e8b465ee728b)
Start importing Assets/Menus/Background/Menu-Tab-3-export.png using Guid(9d2f2552a9b90d845bb839061e6025bf) Importer(815301076,1909f56bfc062723c751e8b465ee728b)  -> (artifact id: '64a48b16444257ade9698aa47e64521c') in 0.013002 seconds 
========================================================================
Received Import Request.
  Time since last request: 0.000224 seconds.
  path: Assets/Menus/Background/Endscreen_BG.png
  artifactKey: Guid(0839c9115c7861f4d98c09ab1d05f85d) Importer(815301076,1909f56bfc062723c751e8b465ee728b)
Start importing Assets/Menus/Background/Endscreen_BG.png using Guid(0839c9115c7861f4d98c09ab1d05f85d) Importer(815301076,1909f56bfc062723c751e8b465ee728b)  -> (artifact id: 'bd4766bc3b6c159f3644e9adfb3dec7e') in 0.023238 seconds 
========================================================================
Received Import Request.
  Time since last request: 0.000133 seconds.
  path: Assets/Menus/Background/Menu-Tab-1.png
  artifactKey: Guid(da99f586f9fa3db438da9f08e967e482) Importer(815301076,1909f56bfc062723c751e8b465ee728b)
Start importing Assets/Menus/Background/Menu-Tab-1.png using Guid(da99f586f9fa3db438da9f08e967e482) Importer(815301076,1909f56bfc062723c751e8b465ee728b)  -> (artifact id: 'ed963392e897f2b1fcff9222d5fc810c') in 0.018224 seconds 
========================================================================
Received Import Request.
  Time since last request: 7.639334 seconds.
  path: Assets/Player/Player_Items
  artifactKey: Guid(bc968946eb87d3447a78f86a6c459106) Importer(815301076,1909f56bfc062723c751e8b465ee728b)
Start importing Assets/Player/Player_Items using Guid(bc968946eb87d3447a78f86a6c459106) Importer(815301076,1909f56bfc062723c751e8b465ee728b)  -> (artifact id: 'bb020bb203a78f1ccc2a7d5d681df30c') in 0.007965 seconds 
========================================================================
Received Import Request.
  Time since last request: 0.679488 seconds.
  path: Assets/Player/Player_Items/Items
  artifactKey: Guid(57ebd1e70bb6cda459cba84de91da543) Importer(815301076,1909f56bfc062723c751e8b465ee728b)
Start importing Assets/Player/Player_Items/Items using Guid(57ebd1e70bb6cda459cba84de91da543) Importer(815301076,1909f56bfc062723c751e8b465ee728b)  -> (artifact id: '64086c75fcd69a3c5e1c9e74c88a60bc') in 0.004740 seconds 
========================================================================
Received Import Request.
  Time since last request: 0.061875 seconds.
  path: Assets/Player/Player_Items/Items/Healing_Salve.prefab
  artifactKey: Guid(f956c5e2f20b6a54d8ca5cf4586069c3) Importer(815301076,1909f56bfc062723c751e8b465ee728b)
Start importing Assets/Player/Player_Items/Items/Healing_Salve.prefab using Guid(f956c5e2f20b6a54d8ca5cf4586069c3) Importer(815301076,1909f56bfc062723c751e8b465ee728b)  -> (artifact id: '4f21c4cc731efaae507e35f2400ef8c9') in 0.035558 seconds 
========================================================================
Received Import Request.
  Time since last request: 0.000213 seconds.
  path: Assets/Player/Player_Items/Items/Pocket_Sand.prefab
  artifactKey: Guid(f351805541570f044988b8288e6a9060) Importer(815301076,1909f56bfc062723c751e8b465ee728b)
Start importing Assets/Player/Player_Items/Items/Pocket_Sand.prefab using Guid(f351805541570f044988b8288e6a9060) Importer(815301076,1909f56bfc062723c751e8b465ee728b)  -> (artifact id: 'b99d0859c96969cca243c3a67d77f38a') in 0.011251 seconds 
========================================================================
Received Import Request.
  Time since last request: 0.000218 seconds.
  path: Assets/Player/Player_Items/Items/Seeds.prefab
  artifactKey: Guid(93de5f97f0f4b014ebe017903fdff0ff) Importer(815301076,1909f56bfc062723c751e8b465ee728b)
Start importing Assets/Player/Player_Items/Items/Seeds.prefab using Guid(93de5f97f0f4b014ebe017903fdff0ff) Importer(815301076,1909f56bfc062723c751e8b465ee728b)  -> (artifact id: 'f90e865efe9b474b703dc1adb638cf31') in 0.009103 seconds 
========================================================================
Received Import Request.
  Time since last request: 0.000210 seconds.
  path: Assets/Player/Player_Items/Items/Stone_Throw.prefab
  artifactKey: Guid(36e91887ecf11064ba76c599716bcd9a) Importer(815301076,1909f56bfc062723c751e8b465ee728b)
Start importing Assets/Player/Player_Items/Items/Stone_Throw.prefab using Guid(36e91887ecf11064ba76c599716bcd9a) Importer(815301076,1909f56bfc062723c751e8b465ee728b)  -> (artifact id: '689e2257a4671f5d962da387109036db') in 0.009617 seconds 
========================================================================
Received Import Request.
  Time since last request: 0.000175 seconds.
  path: Assets/Player/Player_Items/Items/Poison_Dart.prefab
  artifactKey: Guid(3c7f2630b8db2dd4cb762ba61ec0a7d0) Importer(815301076,1909f56bfc062723c751e8b465ee728b)
Start importing Assets/Player/Player_Items/Items/Poison_Dart.prefab using Guid(3c7f2630b8db2dd4cb762ba61ec0a7d0) Importer(815301076,1909f56bfc062723c751e8b465ee728b)  -> (artifact id: '38a91a632c5d877239b21456c329a1e2') in 0.011382 seconds 
========================================================================
Received Import Request.
  Time since last request: 43.461949 seconds.
  path: Assets/Player/Player_Items/Items/Healing_Salve.prefab
  artifactKey: Guid(f956c5e2f20b6a54d8ca5cf4586069c3) Importer(815301076,1909f56bfc062723c751e8b465ee728b)
Start importing Assets/Player/Player_Items/Items/Healing_Salve.prefab using Guid(f956c5e2f20b6a54d8ca5cf4586069c3) Importer(815301076,1909f56bfc062723c751e8b465ee728b)  -> (artifact id: '26d9c6f1d6a48e90fa06d2306d4c23ef') in 0.006798 seconds 
========================================================================
Received Import Request.
  Time since last request: 1.276298 seconds.
  path: Assets/Player/Player_Items/Items/Healing_Salve.prefab
  artifactKey: Guid(f956c5e2f20b6a54d8ca5cf4586069c3) Importer(815301076,1909f56bfc062723c751e8b465ee728b)
Start importing Assets/Player/Player_Items/Items/Healing_Salve.prefab using Guid(f956c5e2f20b6a54d8ca5cf4586069c3) Importer(815301076,1909f56bfc062723c751e8b465ee728b)  -> (artifact id: 'f63a00f7834780861ba05256a6b73ca4') in 0.006843 seconds 
========================================================================
Received Import Request.
  Time since last request: 2.236796 seconds.
  path: Assets/Player/Player_Items/Items/Pocket_Sand.prefab
  artifactKey: Guid(f351805541570f044988b8288e6a9060) Importer(815301076,1909f56bfc062723c751e8b465ee728b)
Start importing Assets/Player/Player_Items/Items/Pocket_Sand.prefab using Guid(f351805541570f044988b8288e6a9060) Importer(815301076,1909f56bfc062723c751e8b465ee728b)  -> (artifact id: '6271c77c17fe65c8d3d211db8e9e8ae8') in 0.009109 seconds 
========================================================================
Received Import Request.
  Time since last request: 1.321226 seconds.
  path: Assets/Player/Player_Items/Items/Poison_Dart.prefab
  artifactKey: Guid(3c7f2630b8db2dd4cb762ba61ec0a7d0) Importer(815301076,1909f56bfc062723c751e8b465ee728b)
Start importing Assets/Player/Player_Items/Items/Poison_Dart.prefab using Guid(3c7f2630b8db2dd4cb762ba61ec0a7d0) Importer(815301076,1909f56bfc062723c751e8b465ee728b)  -> (artifact id: '300cd057c7955c44ca7c16eff27d5943') in 0.007239 seconds 
========================================================================
Received Import Request.
  Time since last request: 1.210734 seconds.
  path: Assets/Player/Player_Items/Items/Poison_Dart.prefab
  artifactKey: Guid(3c7f2630b8db2dd4cb762ba61ec0a7d0) Importer(815301076,1909f56bfc062723c751e8b465ee728b)
Start importing Assets/Player/Player_Items/Items/Poison_Dart.prefab using Guid(3c7f2630b8db2dd4cb762ba61ec0a7d0) Importer(815301076,1909f56bfc062723c751e8b465ee728b)  -> (artifact id: '7084023ec62c90fe4dfe477aa26087ca') in 0.007821 seconds 
========================================================================
Received Import Request.
  Time since last request: 4.238651 seconds.
  path: Assets/Player/Player_Items/Items/Seeds.prefab
  artifactKey: Guid(93de5f97f0f4b014ebe017903fdff0ff) Importer(815301076,1909f56bfc062723c751e8b465ee728b)
Start importing Assets/Player/Player_Items/Items/Seeds.prefab using Guid(93de5f97f0f4b014ebe017903fdff0ff) Importer(815301076,1909f56bfc062723c751e8b465ee728b)  -> (artifact id: '14ab7f5151e67bc2145e3c7df063ab1b') in 0.005223 seconds 
========================================================================
Received Import Request.
  Time since last request: 3.359963 seconds.
  path: Assets/Player/Player_Items/Items/Stone_Throw.prefab
  artifactKey: Guid(36e91887ecf11064ba76c599716bcd9a) Importer(815301076,1909f56bfc062723c751e8b465ee728b)
Start importing Assets/Player/Player_Items/Items/Stone_Throw.prefab using Guid(36e91887ecf11064ba76c599716bcd9a) Importer(815301076,1909f56bfc062723c751e8b465ee728b)  -> (artifact id: '9c4e336d8f724cebc315013166421d34') in 0.005583 seconds 
========================================================================
Received Import Request.
  Time since last request: 2.990737 seconds.
  path: Assets/Player/Player_Items/Items/Script
  artifactKey: Guid(652b9dee0354ae14b967297320394c01) Importer(815301076,1909f56bfc062723c751e8b465ee728b)
Start importing Assets/Player/Player_Items/Items/Script using Guid(652b9dee0354ae14b967297320394c01) Importer(815301076,1909f56bfc062723c751e8b465ee728b)  -> (artifact id: 'fba9f74d45086557193105fc4ace8bed') in 0.005049 seconds 
========================================================================
Received Import Request.
  Time since last request: 7.682277 seconds.
  path: Assets/Player/Player_Items/Items/object_spawn
  artifactKey: Guid(61b4c71f9ee263f4891b9f30c39b13a3) Importer(815301076,1909f56bfc062723c751e8b465ee728b)
Start importing Assets/Player/Player_Items/Items/object_spawn using Guid(61b4c71f9ee263f4891b9f30c39b13a3) Importer(815301076,1909f56bfc062723c751e8b465ee728b)  -> (artifact id: 'a294e39ba066dbafb4bfb039a21e38d7') in 0.004917 seconds 
========================================================================
Received Import Request.
  Time since last request: 0.040951 seconds.
  path: Assets/Player/Player_Items/Items/object_spawn/Dart.prefab
  artifactKey: Guid(80843588b334f6943a82c21ddc49e169) Importer(815301076,1909f56bfc062723c751e8b465ee728b)
Start importing Assets/Player/Player_Items/Items/object_spawn/Dart.prefab using Guid(80843588b334f6943a82c21ddc49e169) Importer(815301076,1909f56bfc062723c751e8b465ee728b)  -> (artifact id: '4092bd354e8ca177356f2fa7fb014fc1') in 0.026140 seconds 
========================================================================
Received Import Request.
  Time since last request: 0.000230 seconds.
  path: Assets/Player/Player_Items/Items/object_spawn/Stone_throw.prefab
  artifactKey: Guid(40b5bebb618cdf04cb48599322c00f46) Importer(815301076,1909f56bfc062723c751e8b465ee728b)
Start importing Assets/Player/Player_Items/Items/object_spawn/Stone_throw.prefab using Guid(40b5bebb618cdf04cb48599322c00f46) Importer(815301076,1909f56bfc062723c751e8b465ee728b)  -> (artifact id: '320c187429c42893713994a158e17dd3') in 0.022783 seconds 
========================================================================
Received Import Request.
  Time since last request: 0.000199 seconds.
  path: Assets/Player/Player_Items/Items/object_spawn/Pocket_Sand.prefab
  artifactKey: Guid(d23aee98fef35ed4190e10383b1b6dd1) Importer(815301076,1909f56bfc062723c751e8b465ee728b)
Start importing Assets/Player/Player_Items/Items/object_spawn/Pocket_Sand.prefab using Guid(d23aee98fef35ed4190e10383b1b6dd1) Importer(815301076,1909f56bfc062723c751e8b465ee728b)  -> (artifact id: '5319aca3657ab2f2ed002a8c566e370c') in 0.012656 seconds 
========================================================================
Received Import Request.
  Time since last request: 0.000194 seconds.
  path: Assets/Player/Player_Items/Items/object_spawn/Healing_Salve.prefab
  artifactKey: Guid(631e0b876cce54742bbb09eec5792f9d) Importer(815301076,1909f56bfc062723c751e8b465ee728b)
Start importing Assets/Player/Player_Items/Items/object_spawn/Healing_Salve.prefab using Guid(631e0b876cce54742bbb09eec5792f9d) Importer(815301076,1909f56bfc062723c751e8b465ee728b)  -> (artifact id: '9d672a904108c103ff3ae813107db1ef') in 0.012950 seconds 
========================================================================
Received Import Request.
  Time since last request: 0.000151 seconds.
  path: Assets/Player/Player_Items/Items/object_spawn/Seeds.prefab
  artifactKey: Guid(73406daabcba14f45a7823a72e207827) Importer(815301076,1909f56bfc062723c751e8b465ee728b)
Start importing Assets/Player/Player_Items/Items/object_spawn/Seeds.prefab using Guid(73406daabcba14f45a7823a72e207827) Importer(815301076,1909f56bfc062723c751e8b465ee728b)  -> (artifact id: '03a75faa22f8c065c13c4fe55fb7d4fc') in 0.005994 seconds 
========================================================================
Received Import Request.
  Time since last request: 2.401907 seconds.
  path: Assets/Player/Player_Items/Trinkets/Boost.prefab
  artifactKey: Guid(891bd2527f64c7049b6ca1220a3a31c8) Importer(815301076,1909f56bfc062723c751e8b465ee728b)
Start importing Assets/Player/Player_Items/Trinkets/Boost.prefab using Guid(891bd2527f64c7049b6ca1220a3a31c8) Importer(815301076,1909f56bfc062723c751e8b465ee728b)  -> (artifact id: '79a6ab147fa8c994d660d8a35fb11ff0') in 0.009758 seconds 
========================================================================
Received Import Request.
  Time since last request: 0.000262 seconds.
  path: Assets/Player/Player_Items/Trinkets/Juju.prefab
  artifactKey: Guid(6f55ba53af7e0f24ba18464410ce7f66) Importer(815301076,1909f56bfc062723c751e8b465ee728b)
Start importing Assets/Player/Player_Items/Trinkets/Juju.prefab using Guid(6f55ba53af7e0f24ba18464410ce7f66) Importer(815301076,1909f56bfc062723c751e8b465ee728b)  -> (artifact id: '4ad425d14c5373af282647aae51d05ca') in 0.010072 seconds 
========================================================================
Received Import Request.
  Time since last request: 0.000279 seconds.
  path: Assets/Player/Player_Items/Trinkets/Peck.prefab
  artifactKey: Guid(c2a0c35b90bcffc42bb80d65e5ce8870) Importer(815301076,1909f56bfc062723c751e8b465ee728b)
Start importing Assets/Player/Player_Items/Trinkets/Peck.prefab using Guid(c2a0c35b90bcffc42bb80d65e5ce8870) Importer(815301076,1909f56bfc062723c751e8b465ee728b)  -> (artifact id: 'afd0d957a13a6a1e972fedde73079e39') in 0.010922 seconds 
========================================================================
Received Import Request.
  Time since last request: 0.000202 seconds.
  path: Assets/Player/Player_Items/Trinkets/Flute.prefab
  artifactKey: Guid(a51dabd18cfe940438f6eca45a0b3ba6) Importer(815301076,1909f56bfc062723c751e8b465ee728b)
Start importing Assets/Player/Player_Items/Trinkets/Flute.prefab using Guid(a51dabd18cfe940438f6eca45a0b3ba6) Importer(815301076,1909f56bfc062723c751e8b465ee728b)  -> (artifact id: '5e2b675aa118c4b191e0c5b35c4014f1') in 0.012079 seconds 
========================================================================
Received Import Request.
  Time since last request: 0.000210 seconds.
  path: Assets/Player/Player_Items/Trinkets/Talisma_Talon.prefab
  artifactKey: Guid(4119d7976872192438f6e555fcf890e4) Importer(815301076,1909f56bfc062723c751e8b465ee728b)
Start importing Assets/Player/Player_Items/Trinkets/Talisma_Talon.prefab using Guid(4119d7976872192438f6e555fcf890e4) Importer(815301076,1909f56bfc062723c751e8b465ee728b)  -> (artifact id: 'b9135bae377e43c60b2a39670ce112ee') in 0.010894 seconds 
========================================================================
Received Import Request.
  Time since last request: 4.767738 seconds.
  path: Assets/Player/Player_Items/Trinkets/Boost.prefab
  artifactKey: Guid(891bd2527f64c7049b6ca1220a3a31c8) Importer(815301076,1909f56bfc062723c751e8b465ee728b)
Start importing Assets/Player/Player_Items/Trinkets/Boost.prefab using Guid(891bd2527f64c7049b6ca1220a3a31c8) Importer(815301076,1909f56bfc062723c751e8b465ee728b)  -> (artifact id: 'f447eed9b0a7a07396edfb910f9548cf') in 0.006208 seconds 
========================================================================
Received Import Request.
  Time since last request: 0.952133 seconds.
  path: Assets/Player/Player_Items/Trinkets/Boost.prefab
  artifactKey: Guid(891bd2527f64c7049b6ca1220a3a31c8) Importer(815301076,1909f56bfc062723c751e8b465ee728b)
Start importing Assets/Player/Player_Items/Trinkets/Boost.prefab using Guid(891bd2527f64c7049b6ca1220a3a31c8) Importer(815301076,1909f56bfc062723c751e8b465ee728b)  -> (artifact id: 'cc2aa20889890dadd3f4f9a375c21e1b') in 0.006627 seconds 
========================================================================
Received Import Request.
  Time since last request: 1.706295 seconds.
  path: Assets/Player/Player_Items/Trinkets/Flute.prefab
  artifactKey: Guid(a51dabd18cfe940438f6eca45a0b3ba6) Importer(815301076,1909f56bfc062723c751e8b465ee728b)
Start importing Assets/Player/Player_Items/Trinkets/Flute.prefab using Guid(a51dabd18cfe940438f6eca45a0b3ba6) Importer(815301076,1909f56bfc062723c751e8b465ee728b)  -> (artifact id: 'ab8200e3c619ee07001570c6901c0d24') in 0.007215 seconds 
========================================================================
Received Import Request.
  Time since last request: 0.783900 seconds.
  path: Assets/Player/Player_Items/Trinkets/Flute.prefab
  artifactKey: Guid(a51dabd18cfe940438f6eca45a0b3ba6) Importer(815301076,1909f56bfc062723c751e8b465ee728b)
Start importing Assets/Player/Player_Items/Trinkets/Flute.prefab using Guid(a51dabd18cfe940438f6eca45a0b3ba6) Importer(815301076,1909f56bfc062723c751e8b465ee728b)  -> (artifact id: '82f92c1ff72669afa9580d72253f8229') in 0.007123 seconds 
========================================================================
Received Import Request.
  Time since last request: 2.366356 seconds.
  path: Assets/Player/Player_Items/Trinkets/Juju.prefab
  artifactKey: Guid(6f55ba53af7e0f24ba18464410ce7f66) Importer(815301076,1909f56bfc062723c751e8b465ee728b)
Start importing Assets/Player/Player_Items/Trinkets/Juju.prefab using Guid(6f55ba53af7e0f24ba18464410ce7f66) Importer(815301076,1909f56bfc062723c751e8b465ee728b)  -> (artifact id: '14fb6e95b259be597c9bc78c4be15a28') in 0.006658 seconds 
========================================================================
Received Import Request.
  Time since last request: 2.112313 seconds.
  path: Assets/Player/Player_Items/Trinkets/Peck.prefab
  artifactKey: Guid(c2a0c35b90bcffc42bb80d65e5ce8870) Importer(815301076,1909f56bfc062723c751e8b465ee728b)
Start importing Assets/Player/Player_Items/Trinkets/Peck.prefab using Guid(c2a0c35b90bcffc42bb80d65e5ce8870) Importer(815301076,1909f56bfc062723c751e8b465ee728b)  -> (artifact id: '504d1414f1102b6ee4c8e311c328dc9d') in 0.006585 seconds 
========================================================================
Received Import Request.
  Time since last request: 2.312834 seconds.
  path: Assets/Player/Player_Items/Trinkets/Talisma_Talon.prefab
  artifactKey: Guid(4119d7976872192438f6e555fcf890e4) Importer(815301076,1909f56bfc062723c751e8b465ee728b)
Start importing Assets/Player/Player_Items/Trinkets/Talisma_Talon.prefab using Guid(4119d7976872192438f6e555fcf890e4) Importer(815301076,1909f56bfc062723c751e8b465ee728b)  -> (artifact id: '953108a640f056f9ad0c248e1f995309') in 0.007938 seconds 
========================================================================
Received Import Request.
  Time since last request: 17.186556 seconds.
  path: Assets/Battle_Scenes/Battle_Scene_1.unity
  artifactKey: Guid(b11edff8b6e3b20408a5f69b28d3b077) Importer(815301076,1909f56bfc062723c751e8b465ee728b)
Start importing Assets/Battle_Scenes/Battle_Scene_1.unity using Guid(b11edff8b6e3b20408a5f69b28d3b077) Importer(815301076,1909f56bfc062723c751e8b465ee728b)  -> (artifact id: '14dee042bfa40c361d110d0973722762') in 0.005219 seconds 
========================================================================
Received Import Request.
  Time since last request: 0.692586 seconds.
  path: Assets/Battle_Scenes/Battle_Scene_2.unity
  artifactKey: Guid(53feea6f73001ed4e8ae4d1561b645ff) Importer(815301076,1909f56bfc062723c751e8b465ee728b)
Start importing Assets/Battle_Scenes/Battle_Scene_2.unity using Guid(53feea6f73001ed4e8ae4d1561b645ff) Importer(815301076,1909f56bfc062723c751e8b465ee728b)  -> (artifact id: '2f2d3dd76c9d1960ae80ada1b5ec659c') in 0.005791 seconds 
========================================================================
Received Prepare
Registering precompiled user dll's ...
Registered in 0.002413 seconds.
Begin MonoManager ReloadAssembly
Native extension for WindowsStandalone target not found
Refreshing native plugins compatible for Editor in 0.93 ms, found 3 plugins.
Preloading 0 native plugins for Editor in 0.00 ms.
Mono: successfully reloaded assembly
- Completed reload, in  1.214 seconds
Domain Reload Profiling:
	ReloadAssembly (1215ms)
		BeginReloadAssembly (140ms)
			ExecutionOrderSort (0ms)
			DisableScriptedObjects (7ms)
			BackupInstance (0ms)
			ReleaseScriptingObjects (0ms)
			CreateAndSetChildDomain (46ms)
		EndReloadAssembly (1002ms)
			LoadAssemblies (112ms)
			RebuildTransferFunctionScriptingTraits (0ms)
			SetupTypeCache (354ms)
			ReleaseScriptCaches (1ms)
			RebuildScriptCaches (52ms)
			SetupLoadedEditorAssemblies (364ms)
				LogAssemblyErrors (0ms)
				InitializePlatformSupportModulesInManaged (5ms)
				SetLoadedEditorAssemblies (1ms)
				RefreshPlugins (1ms)
				BeforeProcessingInitializeOnLoad (70ms)
				ProcessInitializeOnLoadAttributes (256ms)
				ProcessInitializeOnLoadMethodAttributes (24ms)
				AfterProcessingInitializeOnLoad (7ms)
				EditorAssembliesLoaded (0ms)
			ExecutionOrderSort2 (0ms)
			AwakeInstancesAfterBackupRestoration (5ms)
Platform modules already initialized, skipping
Switching build target platform(19) subTarget(0) extendedPlatform(0) -> platform(13) subTarget(537395200) extendedPlatform(0)
Refreshing native plugins compatible for Editor in 0.80 ms, found 3 plugins.
Preloading 0 native plugins for Editor in 0.00 ms.
Unloading 2452 Unused Serialized files (Serialized files now loaded: 0)
System memory in use before: 109.0 MB.
System memory in use after: 109.2 MB.

Unloading 37 unused Assets to reduce memory usage. Loaded Objects now: 2975.
Total: 3.574700 ms (FindLiveObjects: 0.303300 ms CreateObjectMapping: 0.244000 ms MarkObjects: 3.000000 ms  DeleteObjects: 0.026500 ms)

AssetImportParameters requested are different than current active one (requested -> active):
  custom:framework-win-MediaFoundation: 216162199b28c13a410421893ffa2e32 -> 
  custom:video-decoder-ogg-theora: a1e56fd34408186e4bbccfd4996cb3dc -> 
  custom:container-muxer-webm: aa71ff27fc2769a1b78a27578f13a17b -> 
  custom:container-demuxer-webm: 4f35f7cbe854078d1ac9338744f61a02 -> 
  custom:container-demuxer-ogg: 62fdf1f143b41e24485cea50d1cbac27 -> 
  custom:video-encoder-webm-vp8: eb34c28f22e8b96e1ab97ce403110664 -> 
  custom:video-decoder-webm-vp8: 9c59270c3fd7afecdb556c50c9e8de78 -> 
  custom:graphics/normal-map-encoding: 01000000000000000000000000000000 -> 02000000000000000000000000000000
  custom:audio-decoder-ogg-vorbis: bf7c407c2cedff20999df2af8eb42d56 -> 
  custom:audio-encoder-webm-vorbis: bf7c407c2cedff20999df2af8eb42d56 -> 
========================================================================
Received Prepare
Refreshing native plugins compatible for Editor in 6.86 ms, found 3 plugins.
Preloading 0 native plugins for Editor in 0.00 ms.
Unloading 35 Unused Serialized files (Serialized files now loaded: 0)
System memory in use before: 61.2 MB.
System memory in use after: 61.4 MB.

Unloading 35 unused Assets to reduce memory usage. Loaded Objects now: 2975.
Total: 3.630800 ms (FindLiveObjects: 0.256200 ms CreateObjectMapping: 0.107000 ms MarkObjects: 3.214800 ms  DeleteObjects: 0.051900 ms)

AssetImportParameters requested are different than current active one (requested -> active):
  custom:framework-win-MediaFoundation: 216162199b28c13a410421893ffa2e32 -> 
  custom:video-decoder-ogg-theora: a1e56fd34408186e4bbccfd4996cb3dc -> 
  custom:container-muxer-webm: aa71ff27fc2769a1b78a27578f13a17b -> 
  custom:container-demuxer-webm: 4f35f7cbe854078d1ac9338744f61a02 -> 
  custom:container-demuxer-ogg: 62fdf1f143b41e24485cea50d1cbac27 -> 
  custom:video-encoder-webm-vp8: eb34c28f22e8b96e1ab97ce403110664 -> 
  custom:video-decoder-webm-vp8: 9c59270c3fd7afecdb556c50c9e8de78 -> 
  custom:audio-decoder-ogg-vorbis: bf7c407c2cedff20999df2af8eb42d56 -> 
  custom:audio-encoder-webm-vorbis: bf7c407c2cedff20999df2af8eb42d56 -> 
========================================================================
Received Import Request.
  Time since last request: 231.167486 seconds.
  path: Assets/Menus/End_Screen_Win.unity
  artifactKey: Guid(2ba9112629233a74daf5f5e717109819) Importer(815301076,1909f56bfc062723c751e8b465ee728b)
Start importing Assets/Menus/End_Screen_Win.unity using Guid(2ba9112629233a74daf5f5e717109819) Importer(815301076,1909f56bfc062723c751e8b465ee728b)  -> (artifact id: 'fa5f1cad9052dcb7537885a42ef1e295') in 0.006043 seconds 
========================================================================
Received Import Request.
  Time since last request: 0.667741 seconds.
  path: Assets/Menus/Main_menu.unity
  artifactKey: Guid(8b4628fbfad98c147bde4f54646f1c32) Importer(815301076,1909f56bfc062723c751e8b465ee728b)
Start importing Assets/Menus/Main_menu.unity using Guid(8b4628fbfad98c147bde4f54646f1c32) Importer(815301076,1909f56bfc062723c751e8b465ee728b)  -> (artifact id: 'd8debd8de59514f9fafbb38a06e371a7') in 0.005851 seconds 
========================================================================
Received Prepare
Registering precompiled user dll's ...
Registered in 0.002304 seconds.
Begin MonoManager ReloadAssembly
Native extension for WindowsStandalone target not found
Refreshing native plugins compatible for Editor in 0.86 ms, found 3 plugins.
Preloading 0 native plugins for Editor in 0.00 ms.
Mono: successfully reloaded assembly
- Completed reload, in  1.070 seconds
Domain Reload Profiling:
	ReloadAssembly (1070ms)
		BeginReloadAssembly (139ms)
			ExecutionOrderSort (0ms)
			DisableScriptedObjects (7ms)
			BackupInstance (0ms)
			ReleaseScriptingObjects (0ms)
			CreateAndSetChildDomain (40ms)
		EndReloadAssembly (871ms)
			LoadAssemblies (111ms)
			RebuildTransferFunctionScriptingTraits (0ms)
			SetupTypeCache (310ms)
			ReleaseScriptCaches (1ms)
			RebuildScriptCaches (46ms)
			SetupLoadedEditorAssemblies (306ms)
				LogAssemblyErrors (0ms)
				InitializePlatformSupportModulesInManaged (4ms)
				SetLoadedEditorAssemblies (0ms)
				RefreshPlugins (1ms)
				BeforeProcessingInitializeOnLoad (63ms)
				ProcessInitializeOnLoadAttributes (211ms)
				ProcessInitializeOnLoadMethodAttributes (20ms)
				AfterProcessingInitializeOnLoad (6ms)
				EditorAssembliesLoaded (0ms)
			ExecutionOrderSort2 (0ms)
			AwakeInstancesAfterBackupRestoration (4ms)
Platform modules already initialized, skipping
Switching build target platform(19) subTarget(0) extendedPlatform(0) -> platform(13) subTarget(537395200) extendedPlatform(0)
Refreshing native plugins compatible for Editor in 0.79 ms, found 3 plugins.
Preloading 0 native plugins for Editor in 0.00 ms.
Unloading 2452 Unused Serialized files (Serialized files now loaded: 0)
System memory in use before: 109.0 MB.
System memory in use after: 109.2 MB.

Unloading 37 unused Assets to reduce memory usage. Loaded Objects now: 2978.
Total: 3.385900 ms (FindLiveObjects: 0.230700 ms CreateObjectMapping: 0.097900 ms MarkObjects: 3.032500 ms  DeleteObjects: 0.024000 ms)

AssetImportParameters requested are different than current active one (requested -> active):
  custom:framework-win-MediaFoundation: 216162199b28c13a410421893ffa2e32 -> 
  custom:video-decoder-ogg-theora: a1e56fd34408186e4bbccfd4996cb3dc -> 
  custom:container-muxer-webm: aa71ff27fc2769a1b78a27578f13a17b -> 
  custom:container-demuxer-webm: 4f35f7cbe854078d1ac9338744f61a02 -> 
  custom:container-demuxer-ogg: 62fdf1f143b41e24485cea50d1cbac27 -> 
  custom:video-encoder-webm-vp8: eb34c28f22e8b96e1ab97ce403110664 -> 
  custom:video-decoder-webm-vp8: 9c59270c3fd7afecdb556c50c9e8de78 -> 
  custom:graphics/normal-map-encoding: 01000000000000000000000000000000 -> 02000000000000000000000000000000
  custom:audio-decoder-ogg-vorbis: bf7c407c2cedff20999df2af8eb42d56 -> 
  custom:audio-encoder-webm-vorbis: bf7c407c2cedff20999df2af8eb42d56 -> 
========================================================================
Received Import Request.
  Time since last request: 474.387688 seconds.
  path: Assets/Sound_Abilities/Fast_Attack.ogg
  artifactKey: Guid(00924f5338f9857489a7c09c2b3ce495) Importer(815301076,1909f56bfc062723c751e8b465ee728b)
Start importing Assets/Sound_Abilities/Fast_Attack.ogg using Guid(00924f5338f9857489a7c09c2b3ce495) Importer(815301076,1909f56bfc062723c751e8b465ee728b)  -> (artifact id: 'bbc694a1f2f263351393085c3d0762bf') in 0.047863 seconds 
========================================================================
Received Import Request.
  Time since last request: 0.000231 seconds.
  path: Assets/Sound_Abilities/Medium_Attack.ogg
  artifactKey: Guid(778050f736dd9584887c7e5fd082243c) Importer(815301076,1909f56bfc062723c751e8b465ee728b)
Start importing Assets/Sound_Abilities/Medium_Attack.ogg using Guid(778050f736dd9584887c7e5fd082243c) Importer(815301076,1909f56bfc062723c751e8b465ee728b)  -> (artifact id: 'f8ad8b85b5a3c35b41ad9b473a038a7f') in 0.017337 seconds 
========================================================================
Received Import Request.
  Time since last request: 0.000191 seconds.
  path: Assets/Sound_Abilities/Miss_Skill.ogg
  artifactKey: Guid(35357f73f112059489c01909e6005e2c) Importer(815301076,1909f56bfc062723c751e8b465ee728b)
Start importing Assets/Sound_Abilities/Miss_Skill.ogg using Guid(35357f73f112059489c01909e6005e2c) Importer(815301076,1909f56bfc062723c751e8b465ee728b)  -> (artifact id: 'f867b198feecb0c60ffb5b718bb5c517') in 0.016004 seconds 
========================================================================
Received Import Request.
  Time since last request: 0.000313 seconds.
  path: Assets/Sound_Abilities/Medium_Spell.ogg
  artifactKey: Guid(8132d4d80983e7b4e9340104d710a71a) Importer(815301076,1909f56bfc062723c751e8b465ee728b)
Start importing Assets/Sound_Abilities/Medium_Spell.ogg using Guid(8132d4d80983e7b4e9340104d710a71a) Importer(815301076,1909f56bfc062723c751e8b465ee728b)  -> (artifact id: 'b671bd02435f2dca6e547247e173d140') in 0.014182 seconds 
========================================================================
Received Import Request.
  Time since last request: 0.000288 seconds.
  path: Assets/Sound_Abilities/Miss_Skill 1.ogg
  artifactKey: Guid(6a4bbf5eeb935bd40a56b04e36fa2edd) Importer(815301076,1909f56bfc062723c751e8b465ee728b)
Start importing Assets/Sound_Abilities/Miss_Skill 1.ogg using Guid(6a4bbf5eeb935bd40a56b04e36fa2edd) Importer(815301076,1909f56bfc062723c751e8b465ee728b)  -> (artifact id: '938c2c324bbca0f02f09e7dbed18e08d') in 0.012639 seconds 
========================================================================
Received Import Request.
  Time since last request: 0.000259 seconds.
  path: Assets/Sound_Abilities/Strong_Spell.ogg
  artifactKey: Guid(89a91b107f44f5c4e9049355747f8d77) Importer(815301076,1909f56bfc062723c751e8b465ee728b)
Start importing Assets/Sound_Abilities/Strong_Spell.ogg using Guid(89a91b107f44f5c4e9049355747f8d77) Importer(815301076,1909f56bfc062723c751e8b465ee728b)  -> (artifact id: 'f687b13be37e9403071cba9f7a9c52dd') in 0.020961 seconds 
========================================================================
Received Import Request.
  Time since last request: 0.000191 seconds.
  path: Assets/Sound_Abilities/Weak_Spell.ogg
  artifactKey: Guid(9216fd98126b92349b6ac47f084a2cbc) Importer(815301076,1909f56bfc062723c751e8b465ee728b)
Start importing Assets/Sound_Abilities/Weak_Spell.ogg using Guid(9216fd98126b92349b6ac47f084a2cbc) Importer(815301076,1909f56bfc062723c751e8b465ee728b)  -> (artifact id: '64019d38bcbf91e46e402e40dd0b72f9') in 0.021635 seconds 
========================================================================
Received Import Request.
  Time since last request: 0.000193 seconds.
  path: Assets/Sound_Abilities/Power_Attack.ogg
  artifactKey: Guid(3194c6bc984098e4a8c043b0c90ef01e) Importer(815301076,1909f56bfc062723c751e8b465ee728b)
Start importing Assets/Sound_Abilities/Power_Attack.ogg using Guid(3194c6bc984098e4a8c043b0c90ef01e) Importer(815301076,1909f56bfc062723c751e8b465ee728b)  -> (artifact id: 'dbe6e405b32baff2d165df52d63d3203') in 0.015436 seconds 
========================================================================
Received Import Request.
  Time since last request: 121.903611 seconds.
  path: Assets/Player/Player_Status_Effect/Bleed_Effect_Player.prefab
  artifactKey: Guid(c026572944589d848a2f9bcad25ba5fc) Importer(815301076,1909f56bfc062723c751e8b465ee728b)
Start importing Assets/Player/Player_Status_Effect/Bleed_Effect_Player.prefab using Guid(c026572944589d848a2f9bcad25ba5fc) Importer(815301076,1909f56bfc062723c751e8b465ee728b)  -> (artifact id: 'df946a846c6abc43c796eb3e12bf14fb') in 0.030499 seconds 
========================================================================
Received Import Request.
  Time since last request: 0.000230 seconds.
  path: Assets/Player/Player_Status_Effect/Poison_Effect_Player.prefab
  artifactKey: Guid(703f81abb94a9524e9d120e46837cc23) Importer(815301076,1909f56bfc062723c751e8b465ee728b)
Start importing Assets/Player/Player_Status_Effect/Poison_Effect_Player.prefab using Guid(703f81abb94a9524e9d120e46837cc23) Importer(815301076,1909f56bfc062723c751e8b465ee728b)  -> (artifact id: '1badd4300b2587bf9e90d263477820e6') in 0.016071 seconds 
========================================================================
Received Import Request.
  Time since last request: 4.673110 seconds.
  path: Assets/Training_Game/Coins.prefab
  artifactKey: Guid(60ccb1998a7fda6498d7232ac975da74) Importer(815301076,1909f56bfc062723c751e8b465ee728b)
Start importing Assets/Training_Game/Coins.prefab using Guid(60ccb1998a7fda6498d7232ac975da74) Importer(815301076,1909f56bfc062723c751e8b465ee728b)  -> (artifact id: '3f3676455cf53e819fb8c386c532dcea') in 0.011756 seconds 
========================================================================
Received Import Request.
  Time since last request: 0.000199 seconds.
  path: Assets/Training_Game/Music.prefab
  artifactKey: Guid(669974cec8cab1c40a4253ed55d78b04) Importer(815301076,1909f56bfc062723c751e8b465ee728b)
Start importing Assets/Training_Game/Music.prefab using Guid(669974cec8cab1c40a4253ed55d78b04) Importer(815301076,1909f56bfc062723c751e8b465ee728b)  -> (artifact id: '8d04448f5283e06fc9c10d7b4d6c5dd0') in 0.009549 seconds 
========================================================================
Received Prepare
Registering precompiled user dll's ...
Registered in 0.002257 seconds.
Begin MonoManager ReloadAssembly
Native extension for WindowsStandalone target not found
Refreshing native plugins compatible for Editor in 0.83 ms, found 3 plugins.
Preloading 0 native plugins for Editor in 0.00 ms.
Mono: successfully reloaded assembly
- Completed reload, in  1.360 seconds
Domain Reload Profiling:
	ReloadAssembly (1361ms)
		BeginReloadAssembly (200ms)
			ExecutionOrderSort (0ms)
			DisableScriptedObjects (14ms)
			BackupInstance (0ms)
			ReleaseScriptingObjects (0ms)
			CreateAndSetChildDomain (65ms)
		EndReloadAssembly (1087ms)
			LoadAssemblies (151ms)
			RebuildTransferFunctionScriptingTraits (0ms)
			SetupTypeCache (345ms)
			ReleaseScriptCaches (1ms)
			RebuildScriptCaches (44ms)
			SetupLoadedEditorAssemblies (438ms)
				LogAssemblyErrors (0ms)
				InitializePlatformSupportModulesInManaged (4ms)
				SetLoadedEditorAssemblies (1ms)
				RefreshPlugins (1ms)
				BeforeProcessingInitializeOnLoad (60ms)
				ProcessInitializeOnLoadAttributes (347ms)
				ProcessInitializeOnLoadMethodAttributes (19ms)
				AfterProcessingInitializeOnLoad (6ms)
				EditorAssembliesLoaded (0ms)
			ExecutionOrderSort2 (0ms)
			AwakeInstancesAfterBackupRestoration (4ms)
Platform modules already initialized, skipping
Switching build target platform(19) subTarget(0) extendedPlatform(0) -> platform(13) subTarget(537395200) extendedPlatform(0)
Refreshing native plugins compatible for Editor in 0.96 ms, found 3 plugins.
Preloading 0 native plugins for Editor in 0.00 ms.
Unloading 2452 Unused Serialized files (Serialized files now loaded: 0)
System memory in use before: 109.1 MB.
System memory in use after: 109.3 MB.

Unloading 37 unused Assets to reduce memory usage. Loaded Objects now: 2982.
Total: 3.520400 ms (FindLiveObjects: 0.290800 ms CreateObjectMapping: 0.130500 ms MarkObjects: 3.043800 ms  DeleteObjects: 0.054500 ms)

AssetImportParameters requested are different than current active one (requested -> active):
  custom:framework-win-MediaFoundation: 216162199b28c13a410421893ffa2e32 -> 
  custom:video-decoder-ogg-theora: a1e56fd34408186e4bbccfd4996cb3dc -> 
  custom:container-muxer-webm: aa71ff27fc2769a1b78a27578f13a17b -> 
  custom:container-demuxer-webm: 4f35f7cbe854078d1ac9338744f61a02 -> 
  custom:container-demuxer-ogg: 62fdf1f143b41e24485cea50d1cbac27 -> 
  custom:video-encoder-webm-vp8: eb34c28f22e8b96e1ab97ce403110664 -> 
  custom:video-decoder-webm-vp8: 9c59270c3fd7afecdb556c50c9e8de78 -> 
  custom:graphics/normal-map-encoding: 01000000000000000000000000000000 -> 02000000000000000000000000000000
  custom:audio-decoder-ogg-vorbis: bf7c407c2cedff20999df2af8eb42d56 -> 
  custom:audio-encoder-webm-vorbis: bf7c407c2cedff20999df2af8eb42d56 -> 
AssetImportWorkerClient::OnTransportError - code=2 error=End of file
